<?xml version="1.0" encoding="utf-8" standalone="no"?>
<!--This file represents the results of running a test suite-->
<test-results name="D:\Development\GitProjects\CodeNameRevolution\RevolutionContentManager\UnitTests\UnitTests.csproj" total="0" errors="0" failures="0" not-run="0" inconclusive="0" ignored="0" skipped="0" invalid="0" date="2012-03-04" time="14:24:58">
  <environment nunit-version="2.6.0.12051" clr-version="2.0.50727.5448" os-version="Microsoft Windows NT 6.1.7601 Service Pack 1" platform="Win32NT" cwd="D:\Development\GitProjects\CodeNameRevolution\RevolutionContentManager\UnitTests" machine-name="MORTENSEN-PC" user="Mortensen" user-domain="Mortensen-PC" />
  <culture-info current-culture="en-US" current-uiculture="en-US" />
  <test-suite type="Project" name="D:\Development\GitProjects\CodeNameRevolution\RevolutionContentManager\UnitTests\UnitTests.csproj" executed="True" result="Inconclusive" success="False" time="0.030" asserts="0">
    <results>
      <test-suite type="Assembly" name="D:\Development\GitProjects\CodeNameRevolution\RevolutionContentManager\UnitTests\bin\Debug\UnitTests.dll" executed="True" result="Inconclusive" success="False" time="0.005" asserts="0" />
    </results>
  </test-suite>
</test-results>