<?xml version="1.0" encoding="utf-8" standalone="no"?>
<!--This file represents the results of running a test suite-->
<test-results name="C:\Users\Todd\CodeNameRevolution\RevolutionDAL\UnitTests\bin\debug\UnitTests.dll" total="3" errors="0" failures="0" not-run="0" inconclusive="0" ignored="0" skipped="0" invalid="0" date="2012-03-14" time="21:10:09">
  <environment nunit-version="2.6.0.12051" clr-version="2.0.50727.5448" os-version="Microsoft Windows NT 6.1.7601 Service Pack 1" platform="Win32NT" cwd="C:\Users\Todd\CodeNameRevolution\RevolutionDAL\UnitTests" machine-name="TODD-PC" user="Todd" user-domain="Todd-PC" />
  <culture-info current-culture="en-US" current-uiculture="en-US" />
  <test-suite type="Assembly" name="C:\Users\Todd\CodeNameRevolution\RevolutionDAL\UnitTests\bin\debug\UnitTests.dll" executed="True" result="Success" success="True" time="0.046" asserts="0">
    <results>
      <test-suite type="Namespace" name="UnitTests" executed="True" result="Success" success="True" time="0.046" asserts="0">
        <results>
          <test-suite type="TestFixture" name="TestCharacterService" executed="True" result="Success" success="True" time="0.045" asserts="0">
            <results>
              <test-case name="UnitTests.TestCharacterService.TestGetAllCharacters" executed="True" result="Success" success="True" time="0.003" asserts="2" />
              <test-case name="UnitTests.TestCharacterService.TestGetCharacter" executed="True" result="Success" success="True" time="0.019" asserts="2" />
              <test-case name="UnitTests.TestCharacterService.TestGetCharacterByExpression" executed="True" result="Success" success="True" time="0.006" asserts="2" />
            </results>
          </test-suite>
        </results>
      </test-suite>
    </results>
  </test-suite>
</test-results>