<?xml version="1.0" encoding="utf-8" standalone="no"?>
<!--This file represents the results of running a test suite-->
<test-results name="C:\Users\Todd\CodeNameRevolution\RevolutionDAL\RevolutionDAL\RevolutionDAL.csproj" total="0" errors="0" failures="0" not-run="0" inconclusive="0" ignored="0" skipped="0" invalid="0" date="2012-02-26" time="09:10:07">
  <environment nunit-version="2.6.0.12051" clr-version="2.0.50727.5448" os-version="Microsoft Windows NT 6.1.7601 Service Pack 1" platform="Win32NT" cwd="C:\Users\Todd\CodeNameRevolution\RevolutionDAL\RevolutionDAL" machine-name="TODD-PC" user="Todd" user-domain="Todd-PC" />
  <culture-info current-culture="en-US" current-uiculture="en-US" />
  <test-suite type="Project" name="C:\Users\Todd\CodeNameRevolution\RevolutionDAL\RevolutionDAL\RevolutionDAL.csproj" executed="True" result="Inconclusive" success="False" time="0.048" asserts="0">
    <results>
      <test-suite type="Assembly" name="C:\Users\Todd\CodeNameRevolution\RevolutionDAL\RevolutionDAL\bin\RevolutionDAL.dll" executed="True" result="Inconclusive" success="False" time="0.005" asserts="0" />
    </results>
  </test-suite>
</test-results>